#! /usr/bin/vvp
:ivl_version "12.0 (stable)";
:ivl_delay_selection "TYPICAL";
:vpi_time_precision + 0;
:vpi_module "/usr/lib/x86_64-linux-gnu/ivl/system.vpi";
:vpi_module "/usr/lib/x86_64-linux-gnu/ivl/vhdl_sys.vpi";
:vpi_module "/usr/lib/x86_64-linux-gnu/ivl/vhdl_textio.vpi";
:vpi_module "/usr/lib/x86_64-linux-gnu/ivl/v2005_math.vpi";
:vpi_module "/usr/lib/x86_64-linux-gnu/ivl/va_math.vpi";
S_0x55852efb9130 .scope module, "toUpper" "toUpper" 2 1;
 .timescale 0 0;
    .port_info 0 /INPUT 8 "in";
    .port_info 1 /OUTPUT 8 "out";
L_0x55852f010710 .functor AND 1, L_0x55852f010840, L_0x55852f0108e0, L_0x55852f010a20, C4<1>;
L_0x55852f010b10 .functor AND 1, L_0x55852f010c10, L_0x55852f010d30, L_0x55852f010dd0, L_0x55852f010f00;
L_0x55852f010ff0 .functor OR 1, L_0x55852f010710, L_0x55852f010b10, C4<0>, C4<0>;
L_0x55852f011100 .functor NOT 1, L_0x55852f0111a0, C4<0>, C4<0>, C4<0>;
L_0x55852f0112e0 .functor NOT 1, L_0x55852f011350, C4<0>, C4<0>, C4<0>;
L_0x55852f011440 .functor NOT 1, L_0x55852f0114f0, C4<0>, C4<0>, C4<0>;
L_0x55852f011640 .functor NOT 1, L_0x55852f0116b0, C4<0>, C4<0>, C4<0>;
L_0x55852f011750 .functor NOT 1, L_0x55852f011810, C4<0>, C4<0>, C4<0>;
L_0x55852f011970 .functor NOT 1, L_0x55852f0119e0, C4<0>, C4<0>, C4<0>;
L_0x55852f011ad0/0/0 .functor AND 1, L_0x55852f0112e0, L_0x55852f011440, L_0x55852f011640, L_0x55852f011750;
L_0x55852f011ad0/0/4 .functor AND 1, L_0x55852f011970, C4<1>, C4<1>, C4<1>;
L_0x55852f011ad0 .functor AND 1, L_0x55852f011ad0/0/0, L_0x55852f011ad0/0/4, C4<1>, C4<1>;
L_0x55852f011d30 .functor OR 1, L_0x55852f010ff0, L_0x55852f011100, L_0x55852f011ad0, C4<0>;
L_0x55852f011e40 .functor AND 1, L_0x55852f011f70, L_0x55852f011d30, C4<1>, C4<1>;
L_0x55852f011900 .functor OR 1, L_0x55852f012130, L_0x55852f011e40, C4<0>, C4<0>;
L_0x55852f012220 .functor BUF 1, L_0x55852f012310, C4<0>, C4<0>, C4<0>;
L_0x55852f011f00 .functor BUF 1, L_0x55852f0126a0, C4<0>, C4<0>, C4<0>;
L_0x55852f012790 .functor BUF 1, L_0x55852f012890, C4<0>, C4<0>, C4<0>;
L_0x55852f012a20 .functor BUF 1, L_0x55852f012a90, C4<0>, C4<0>, C4<0>;
L_0x55852f012b80 .functor BUF 1, L_0x55852f012c90, C4<0>, C4<0>, C4<0>;
L_0x55852f012e30 .functor BUF 1, L_0x55852f012980, C4<0>, C4<0>, C4<0>;
L_0x55852f013300 .functor BUF 1, L_0x55852f012bf0, C4<0>, C4<0>, C4<0>;
v0x55852efe5dd0_0 .net *"_ivl_1", 0 0, L_0x55852f010840;  1 drivers
v0x55852efe5590_0 .net *"_ivl_11", 0 0, L_0x55852f010dd0;  1 drivers
v0x55852efe4d50_0 .net *"_ivl_13", 0 0, L_0x55852f010f00;  1 drivers
v0x55852efe4510_0 .net *"_ivl_15", 0 0, L_0x55852f0111a0;  1 drivers
v0x55852f00e1c0_0 .net *"_ivl_17", 0 0, L_0x55852f011350;  1 drivers
v0x55852f00e2f0_0 .net *"_ivl_19", 0 0, L_0x55852f0114f0;  1 drivers
v0x55852f00e3d0_0 .net *"_ivl_21", 0 0, L_0x55852f0116b0;  1 drivers
v0x55852f00e4b0_0 .net *"_ivl_23", 0 0, L_0x55852f011810;  1 drivers
v0x55852f00e590_0 .net *"_ivl_25", 0 0, L_0x55852f0119e0;  1 drivers
v0x55852f00e670_0 .net *"_ivl_27", 0 0, L_0x55852f011f70;  1 drivers
v0x55852f00e750_0 .net *"_ivl_28", 0 0, L_0x55852f011900;  1 drivers
v0x55852f00e830_0 .net *"_ivl_3", 0 0, L_0x55852f0108e0;  1 drivers
v0x55852f00e910_0 .net *"_ivl_31", 0 0, L_0x55852f012130;  1 drivers
v0x55852f00e9f0_0 .net *"_ivl_32", 0 0, L_0x55852f012220;  1 drivers
v0x55852f00ead0_0 .net *"_ivl_35", 0 0, L_0x55852f012310;  1 drivers
v0x55852f00ebb0_0 .net *"_ivl_36", 0 0, L_0x55852f011f00;  1 drivers
v0x55852f00ec90_0 .net *"_ivl_39", 0 0, L_0x55852f0126a0;  1 drivers
v0x55852f00ee80_0 .net *"_ivl_40", 0 0, L_0x55852f012790;  1 drivers
v0x55852f00ef60_0 .net *"_ivl_43", 0 0, L_0x55852f012890;  1 drivers
v0x55852f00f040_0 .net *"_ivl_44", 0 0, L_0x55852f012a20;  1 drivers
v0x55852f00f120_0 .net *"_ivl_47", 0 0, L_0x55852f012a90;  1 drivers
v0x55852f00f200_0 .net *"_ivl_48", 0 0, L_0x55852f012b80;  1 drivers
v0x55852f00f2e0_0 .net *"_ivl_5", 0 0, L_0x55852f010a20;  1 drivers
v0x55852f00f3c0_0 .net *"_ivl_51", 0 0, L_0x55852f012c90;  1 drivers
v0x55852f00f4a0_0 .net *"_ivl_52", 0 0, L_0x55852f012e30;  1 drivers
v0x55852f00f580_0 .net *"_ivl_55", 0 0, L_0x55852f012980;  1 drivers
v0x55852f00f660_0 .net *"_ivl_56", 0 0, L_0x55852f013300;  1 drivers
v0x55852f00f740_0 .net *"_ivl_60", 0 0, L_0x55852f012bf0;  1 drivers
v0x55852f00f820_0 .net *"_ivl_7", 0 0, L_0x55852f010c10;  1 drivers
v0x55852f00f900_0 .net *"_ivl_9", 0 0, L_0x55852f010d30;  1 drivers
v0x55852f00f9e0_0 .net "a1_out", 0 0, L_0x55852f010710;  1 drivers
v0x55852f00faa0_0 .net "a2_out", 0 0, L_0x55852f010b10;  1 drivers
v0x55852f00fb60_0 .net "a3_out", 0 0, L_0x55852f011ad0;  1 drivers
v0x55852f00fe30_0 .net "a4_out", 0 0, L_0x55852f011e40;  1 drivers
o0x7fcce248d678 .functor BUFZ 8, C4<zzzzzzzz>; HiZ drive
v0x55852f00fef0_0 .net "in", 7 0, o0x7fcce248d678;  0 drivers
v0x55852f00ffd0_0 .net "ni0", 0 0, L_0x55852f011970;  1 drivers
v0x55852f010090_0 .net "ni1", 0 0, L_0x55852f011750;  1 drivers
v0x55852f010150_0 .net "ni2", 0 0, L_0x55852f011640;  1 drivers
v0x55852f010210_0 .net "ni3", 0 0, L_0x55852f011440;  1 drivers
v0x55852f0102d0_0 .net "ni4", 0 0, L_0x55852f0112e0;  1 drivers
v0x55852f010390_0 .net "ni6", 0 0, L_0x55852f011100;  1 drivers
v0x55852f010450_0 .net "o1_out", 0 0, L_0x55852f010ff0;  1 drivers
v0x55852f010510_0 .net "o2_out", 0 0, L_0x55852f011d30;  1 drivers
v0x55852f0105d0_0 .net "out", 7 0, L_0x55852f012ef0;  1 drivers
L_0x55852f010840 .part o0x7fcce248d678, 4, 1;
L_0x55852f0108e0 .part o0x7fcce248d678, 3, 1;
L_0x55852f010a20 .part o0x7fcce248d678, 2, 1;
L_0x55852f010c10 .part o0x7fcce248d678, 4, 1;
L_0x55852f010d30 .part o0x7fcce248d678, 3, 1;
L_0x55852f010dd0 .part o0x7fcce248d678, 2, 1;
L_0x55852f010f00 .part o0x7fcce248d678, 1, 1;
L_0x55852f0111a0 .part o0x7fcce248d678, 6, 1;
L_0x55852f011350 .part o0x7fcce248d678, 4, 1;
L_0x55852f0114f0 .part o0x7fcce248d678, 3, 1;
L_0x55852f0116b0 .part o0x7fcce248d678, 2, 1;
L_0x55852f011810 .part o0x7fcce248d678, 1, 1;
L_0x55852f0119e0 .part o0x7fcce248d678, 0, 1;
L_0x55852f011f70 .part o0x7fcce248d678, 5, 1;
L_0x55852f012130 .part o0x7fcce248d678, 7, 1;
L_0x55852f012310 .part o0x7fcce248d678, 0, 1;
L_0x55852f0126a0 .part o0x7fcce248d678, 1, 1;
L_0x55852f012890 .part o0x7fcce248d678, 2, 1;
L_0x55852f012a90 .part o0x7fcce248d678, 3, 1;
L_0x55852f012c90 .part o0x7fcce248d678, 4, 1;
L_0x55852f012980 .part o0x7fcce248d678, 6, 1;
LS_0x55852f012ef0_0_0 .concat8 [ 1 1 1 1], L_0x55852f012220, L_0x55852f011f00, L_0x55852f012790, L_0x55852f012a20;
LS_0x55852f012ef0_0_4 .concat8 [ 1 1 1 1], L_0x55852f012b80, L_0x55852f011900, L_0x55852f012e30, L_0x55852f013300;
L_0x55852f012ef0 .concat8 [ 4 4 0 0], LS_0x55852f012ef0_0_0, LS_0x55852f012ef0_0_4;
L_0x55852f012bf0 .part o0x7fcce248d678, 7, 1;
# The file index is used to find the file name in the following table.
:file_names 3;
    "N/A";
    "<interactive>";
    "aaron_james_toUpper.v";
